Traceback (most recent call last):
  File "/home/arooba/compute-aware-vit-variant-b/src/train.py", line 425, in <module>
    main()
  File "/home/arooba/compute-aware-vit-variant-b/src/train.py", line 352, in main
    from src.datasets.cifar import get_dataloaders
ModuleNotFoundError: No module named 'src'
ERROR conda.cli.main_run:execute(142): `conda run python -u src/train.py --config configs/dense.yaml` failed. (See above for error)
Device  : cuda
Config  : configs/dense.yaml
Settings: {'model_type': 'dense', 'num_classes': 100, 'data_dir': '/home/arooba/compute-aware-vit-thesis/data/', 'output_dir': 'checkpoints/dense', 'batch_size': 32, 'epochs': 20, 'learning_rate': 0.0001, 'weight_decay': 0.0001, 'seed': 42}
Warning: You are sending unauthenticated requests to the HF Hub. Please set a HF_TOKEN to enable higher rate limits and faster downloads.
/home/arooba/miniconda3/envs/ai_assisted_env/lib/python3.10/site-packages/torch/cuda/__init__.py:716: UserWarning: Can't initialize NVML
  warnings.warn("Can't initialize NVML")
/home/arooba/compute-aware-vit-variant-b/src/train.py:391: FutureWarning: You are using `torch.load` with `weights_only=False` (the current default value), which uses the default pickle module implicitly. It is possible to construct malicious pickle data which will execute arbitrary code during unpickling (See https://github.com/pytorch/pytorch/blob/main/SECURITY.md#untrusted-models for more details). In a future release, the default value for `weights_only` will be flipped to `True`. This limits the functions that could be executed during unpickling. Arbitrary objects will no longer be allowed to be loaded via this mode unless they are explicitly allowlisted by the user via `torch.serialization.add_safe_globals`. We recommend you start setting `weights_only=True` for any use case where you don't have full control of the loaded file. Please open an issue on GitHub for any issues related to this experimental feature.
  model.load_state_dict(torch.load(best_ckpt, map_location=device))
Device  : cuda
Config  : configs/dense.yaml
Settings: {'model_type': 'dense', 'num_classes': 100, 'data_dir': '/home/arooba/compute-aware-vit-thesis/data/', 'output_dir': 'checkpoints/dense', 'batch_size': 32, 'epochs': 20, 'learning_rate': 0.0001, 'weight_decay': 0.0001, 'seed': 42, 'pretrained': True}
Model   : vit_dense  (5,543,716 params)
Training vit_dense for 20 epochs  |  output: checkpoints/dense
Epoch   1/20 | train_loss=1.6360  train_acc=0.5866 | val_loss=0.9533  val_acc=0.7251 | lr=1.00e-04 | 40.3s
  ✓ best model saved → checkpoints/dense/best_model.pt  (val_acc=0.7251)
Epoch   2/20 | train_loss=0.8223  train_acc=0.7619 | val_loss=0.8318  val_acc=0.7592 | lr=1.00e-04 | 39.1s
  ✓ best model saved → checkpoints/dense/best_model.pt  (val_acc=0.7592)
Epoch   3/20 | train_loss=0.6340  train_acc=0.8091 | val_loss=0.7348  val_acc=0.7911 | lr=1.00e-04 | 39.3s
  ✓ best model saved → checkpoints/dense/best_model.pt  (val_acc=0.7911)
Epoch   4/20 | train_loss=0.5148  train_acc=0.8418 | val_loss=0.6928  val_acc=0.7969 | lr=1.00e-04 | 40.8s
  ✓ best model saved → checkpoints/dense/best_model.pt  (val_acc=0.7969)
Epoch   5/20 | train_loss=0.4376  train_acc=0.8626 | val_loss=0.6970  val_acc=0.7980 | lr=1.00e-04 | 40.5s
  ✓ best model saved → checkpoints/dense/best_model.pt  (val_acc=0.7980)
Epoch   6/20 | train_loss=0.3729  train_acc=0.8825 | val_loss=0.7351  val_acc=0.7917 | lr=1.00e-04 | 39.1s
Epoch   7/20 | train_loss=0.3119  train_acc=0.9012 | val_loss=0.6767  val_acc=0.8102 | lr=1.00e-04 | 38.8s
  ✓ best model saved → checkpoints/dense/best_model.pt  (val_acc=0.8102)
Epoch   8/20 | train_loss=0.2803  train_acc=0.9101 | val_loss=0.7305  val_acc=0.7994 | lr=1.00e-04 | 38.5s
Epoch   9/20 | train_loss=0.2339  train_acc=0.9251 | val_loss=0.7332  val_acc=0.8025 | lr=1.00e-04 | 37.0s
Epoch  10/20 | train_loss=0.2067  train_acc=0.9327 | val_loss=0.7722  val_acc=0.7978 | lr=1.00e-04 | 36.2s
Epoch  11/20 | train_loss=0.1950  train_acc=0.9369 | val_loss=0.7737  val_acc=0.8005 | lr=1.00e-04 | 38.5s
Epoch  12/20 | train_loss=0.1755  train_acc=0.9429 | val_loss=0.7857  val_acc=0.8036 | lr=1.00e-04 | 33.7s
Epoch  13/20 | train_loss=0.1611  train_acc=0.9472 | val_loss=0.7901  val_acc=0.8062 | lr=1.00e-04 | 34.0s
Epoch  14/20 | train_loss=0.1481  train_acc=0.9521 | val_loss=0.8088  val_acc=0.8018 | lr=1.00e-04 | 36.4s
Epoch  15/20 | train_loss=0.1360  train_acc=0.9556 | val_loss=0.8358  val_acc=0.7954 | lr=1.00e-04 | 39.9s
Epoch  16/20 | train_loss=0.1284  train_acc=0.9585 | val_loss=0.8401  val_acc=0.8000 | lr=1.00e-04 | 38.9s
Epoch  17/20 | train_loss=0.1260  train_acc=0.9591 | val_loss=0.8521  val_acc=0.7960 | lr=1.00e-04 | 39.8s
Epoch  18/20 | train_loss=0.1180  train_acc=0.9613 | val_loss=0.8316  val_acc=0.8008 | lr=1.00e-04 | 39.0s
Epoch  19/20 | train_loss=0.1113  train_acc=0.9649 | val_loss=0.8810  val_acc=0.7973 | lr=1.00e-04 | 39.7s
Epoch  20/20 | train_loss=0.1098  train_acc=0.9647 | val_loss=0.9048  val_acc=0.7908 | lr=1.00e-04 | 39.6s

Loaded best checkpoint from checkpoints/dense/best_model.pt
Metrics saved → checkpoints/dense/metrics.json
val_acc=0.8102  flops=1.0794 GFLOPs  params=5,543,716

Done.
