Warning: You are sending unauthenticated requests to the HF Hub. Please set a HF_TOKEN to enable higher rate limits and faster downloads.
/home/arooba/miniconda3/envs/ai_assisted_env/lib/python3.10/site-packages/torch/cuda/__init__.py:716: UserWarning: Can't initialize NVML
  warnings.warn("Can't initialize NVML")
/home/arooba/compute-aware-vit-variant-b/src/train.py:391: FutureWarning: You are using `torch.load` with `weights_only=False` (the current default value), which uses the default pickle module implicitly. It is possible to construct malicious pickle data which will execute arbitrary code during unpickling (See https://github.com/pytorch/pytorch/blob/main/SECURITY.md#untrusted-models for more details). In a future release, the default value for `weights_only` will be flipped to `True`. This limits the functions that could be executed during unpickling. Arbitrary objects will no longer be allowed to be loaded via this mode unless they are explicitly allowlisted by the user via `torch.serialization.add_safe_globals`. We recommend you start setting `weights_only=True` for any use case where you don't have full control of the loaded file. Please open an issue on GitHub for any issues related to this experimental feature.
  model.load_state_dict(torch.load(best_ckpt, map_location=device))
Device  : cuda
Config  : configs/dynamic_75.yaml
Settings: {'model_type': 'dynamic', 'num_classes': 100, 'keep_ratio': 0.75, 'prune_layer': 6, 'data_dir': '/home/arooba/compute-aware-vit-thesis/data/', 'output_dir': 'checkpoints/dynamic_75', 'batch_size': 32, 'epochs': 20, 'learning_rate': 0.0001, 'weight_decay': 0.0001, 'seed': 42, 'pretrained': True}
Model   : vit_dynamic_75  (5,543,716 params)
Training vit_dynamic_75 for 20 epochs  |  output: checkpoints/dynamic_75
Epoch   1/20 | train_loss=1.7166  train_acc=0.5695 | val_loss=0.9910  val_acc=0.7148 | lr=1.00e-04 | 41.8s
  ✓ best model saved → checkpoints/dynamic_75/best_model.pt  (val_acc=0.7148)
Epoch   2/20 | train_loss=0.8628  train_acc=0.7513 | val_loss=0.8299  val_acc=0.7586 | lr=1.00e-04 | 40.7s
  ✓ best model saved → checkpoints/dynamic_75/best_model.pt  (val_acc=0.7586)
Epoch   3/20 | train_loss=0.6722  train_acc=0.7978 | val_loss=0.7676  val_acc=0.7723 | lr=1.00e-04 | 41.3s
  ✓ best model saved → checkpoints/dynamic_75/best_model.pt  (val_acc=0.7723)
Epoch   4/20 | train_loss=0.5475  train_acc=0.8312 | val_loss=0.7256  val_acc=0.7929 | lr=1.00e-04 | 41.8s
  ✓ best model saved → checkpoints/dynamic_75/best_model.pt  (val_acc=0.7929)
Epoch   5/20 | train_loss=0.4636  train_acc=0.8574 | val_loss=0.7274  val_acc=0.7885 | lr=1.00e-04 | 39.5s
Epoch   6/20 | train_loss=0.3968  train_acc=0.8754 | val_loss=0.7324  val_acc=0.7921 | lr=1.00e-04 | 41.8s
Epoch   7/20 | train_loss=0.3459  train_acc=0.8900 | val_loss=0.7267  val_acc=0.7933 | lr=1.00e-04 | 40.9s
  ✓ best model saved → checkpoints/dynamic_75/best_model.pt  (val_acc=0.7933)
Epoch   8/20 | train_loss=0.2919  train_acc=0.9068 | val_loss=0.7778  val_acc=0.7851 | lr=1.00e-04 | 42.0s
Epoch   9/20 | train_loss=0.2629  train_acc=0.9151 | val_loss=0.7461  val_acc=0.7982 | lr=1.00e-04 | 41.1s
  ✓ best model saved → checkpoints/dynamic_75/best_model.pt  (val_acc=0.7982)
Epoch  10/20 | train_loss=0.2295  train_acc=0.9260 | val_loss=0.7748  val_acc=0.7987 | lr=1.00e-04 | 40.3s
  ✓ best model saved → checkpoints/dynamic_75/best_model.pt  (val_acc=0.7987)
Epoch  11/20 | train_loss=0.2109  train_acc=0.9314 | val_loss=0.7898  val_acc=0.7984 | lr=1.00e-04 | 36.3s
Epoch  12/20 | train_loss=0.1934  train_acc=0.9369 | val_loss=0.7953  val_acc=0.7919 | lr=1.00e-04 | 39.7s
Epoch  13/20 | train_loss=0.1754  train_acc=0.9432 | val_loss=0.7893  val_acc=0.7984 | lr=1.00e-04 | 41.1s
Epoch  14/20 | train_loss=0.1669  train_acc=0.9478 | val_loss=0.8380  val_acc=0.7911 | lr=1.00e-04 | 40.8s
Epoch  15/20 | train_loss=0.1524  train_acc=0.9514 | val_loss=0.8015  val_acc=0.8020 | lr=1.00e-04 | 39.3s
  ✓ best model saved → checkpoints/dynamic_75/best_model.pt  (val_acc=0.8020)
Epoch  16/20 | train_loss=0.1464  train_acc=0.9535 | val_loss=0.8526  val_acc=0.7942 | lr=1.00e-04 | 40.5s
Epoch  17/20 | train_loss=0.1307  train_acc=0.9582 | val_loss=0.8718  val_acc=0.7909 | lr=1.00e-04 | 39.9s
Epoch  18/20 | train_loss=0.1383  train_acc=0.9554 | val_loss=0.9011  val_acc=0.7908 | lr=1.00e-04 | 40.9s
Epoch  19/20 | train_loss=0.1274  train_acc=0.9596 | val_loss=0.9391  val_acc=0.7752 | lr=1.00e-04 | 40.6s
Epoch  20/20 | train_loss=0.1168  train_acc=0.9628 | val_loss=0.8912  val_acc=0.7914 | lr=1.00e-04 | 41.2s

Loaded best checkpoint from checkpoints/dynamic_75/best_model.pt
Metrics saved → checkpoints/dynamic_75/metrics.json
val_acc=0.8020  flops=0.9487 GFLOPs  params=5,543,716

Done.
